2023-03-23T17:33:31.749Z [ERROR] provider.terraform-provider-aws_v4.59.0_x5: Response contains error diagnostic: diagnostic_severity=ERROR diagnostic_summary="creating EC2 Subnet: InvalidParameterValue: Value (us-west-2) for parameter availabilityZone is invalid. Subnets can currently only be created in the following availability zones: ap-south-1a, ap-south-1b, ap-south-1c.
	status code: 400, request id: 56d946ae-7a22-45f6-9788-262ef70a4730" tf_resource_type=aws_subnet @module=sdk.proto diagnostic_detail= tf_proto_version=5.3 tf_provider_addr=registry.terraform.io/hashicorp/aws tf_req_id=a2c2b1c7-dda1-518a-bda1-9f8a60a5f884 @caller=github.com/hashicorp/terraform-plugin-go@v0.14.3/tfprotov5/internal/diag/diagnostics.go:55 tf_rpc=ApplyResourceChange timestamp=2023-03-23T17:33:31.749Z
2023-03-23T17:33:31.773Z [ERROR] vertex "aws_subnet.demo_subnet" error: creating EC2 Subnet: InvalidParameterValue: Value (us-west-2) for parameter availabilityZone is invalid. Subnets can currently only be created in the following availability zones: ap-south-1a, ap-south-1b, ap-south-1c.
	status code: 400, request id: 56d946ae-7a22-45f6-9788-262ef70a4730
2023-03-23T17:36:04.241Z [ERROR] provider.terraform-provider-aws_v4.59.0_x5: Response contains error diagnostic: diagnostic_summary="creating EC2 VPC: VpcLimitExceeded: The maximum number of VPCs has been reached.
	status code: 400, request id: fe80db12-c89c-4e5c-882c-f70cb77ed731" tf_req_id=0413393d-ed60-e1bd-85c4-54a2b7ff94dd tf_resource_type=aws_vpc tf_rpc=ApplyResourceChange @caller=github.com/hashicorp/terraform-plugin-go@v0.14.3/tfprotov5/internal/diag/diagnostics.go:55 @module=sdk.proto diagnostic_detail= diagnostic_severity=ERROR tf_proto_version=5.3 tf_provider_addr=registry.terraform.io/hashicorp/aws timestamp=2023-03-23T17:36:04.240Z
2023-03-23T17:36:04.269Z [ERROR] vertex "aws_vpc.demo-vpc" error: creating EC2 VPC: VpcLimitExceeded: The maximum number of VPCs has been reached.
	status code: 400, request id: fe80db12-c89c-4e5c-882c-f70cb77ed731
2023-03-23T17:43:01.228Z [ERROR] provider.terraform-provider-aws_v4.59.0_x5: Response contains error diagnostic: diagnostic_detail= diagnostic_severity=ERROR tf_provider_addr=registry.terraform.io/hashicorp/aws tf_resource_type=aws_subnet @caller=github.com/hashicorp/terraform-plugin-go@v0.14.3/tfprotov5/internal/diag/diagnostics.go:55 @module=sdk.proto tf_rpc=ApplyResourceChange diagnostic_summary="creating EC2 Subnet: InvalidParameterValue: Value (us-west-2) for parameter availabilityZone is invalid. Subnets can currently only be created in the following availability zones: us-west-2a, us-west-2b, us-west-2c, us-west-2d.
	status code: 400, request id: 907866ca-477d-40d2-a814-545289c358f5" tf_proto_version=5.3 tf_req_id=363bfc85-baa2-f073-fa1a-d360bdf0d20c timestamp=2023-03-23T17:43:01.228Z
2023-03-23T17:43:01.250Z [ERROR] vertex "aws_subnet.demo_subnet" error: creating EC2 Subnet: InvalidParameterValue: Value (us-west-2) for parameter availabilityZone is invalid. Subnets can currently only be created in the following availability zones: us-west-2a, us-west-2b, us-west-2c, us-west-2d.
	status code: 400, request id: 907866ca-477d-40d2-a814-545289c358f5
2023-03-24T11:10:48.993Z [ERROR] provider.terraform-provider-aws_v4.59.0_x5: Response contains error diagnostic: tf_provider_addr=registry.terraform.io/hashicorp/aws tf_req_id=ab38473c-8016-efbd-467f-33f3947ee114 tf_rpc=ApplyResourceChange @caller=github.com/hashicorp/terraform-plugin-go@v0.14.3/tfprotov5/internal/diag/diagnostics.go:55 @module=sdk.proto tf_resource_type=aws_instance diagnostic_detail= diagnostic_severity=ERROR diagnostic_summary="creating EC2 Instance: AuthFailure: Not authorized for images: [ami-0192acc399bc1e569]
	status code: 400, request id: 7f6eafd9-d386-498d-b6b1-0cfcc7dd6efd" tf_proto_version=5.3 timestamp=2023-03-24T11:10:48.993Z
2023-03-24T11:10:49.015Z [ERROR] vertex "aws_instance.demo-server" error: creating EC2 Instance: AuthFailure: Not authorized for images: [ami-0192acc399bc1e569]
	status code: 400, request id: 7f6eafd9-d386-498d-b6b1-0cfcc7dd6efd
2023-03-24T11:25:03.737Z [ERROR] provider.terraform-provider-aws_v4.59.0_x5: Response contains error diagnostic: @caller=github.com/hashicorp/terraform-plugin-go@v0.14.3/tfprotov5/internal/diag/diagnostics.go:55 diagnostic_detail= tf_proto_version=5.3 tf_req_id=bf0d14b6-3ea2-8185-7cff-52afe066dd24 @module=sdk.proto diagnostic_severity=ERROR diagnostic_summary="creating EC2 Instance: AuthFailure: Not authorized for images: [ami-0192acc399bc1e569]
	status code: 400, request id: 867fdf6d-641a-459b-be70-c36f4790d945" tf_provider_addr=registry.terraform.io/hashicorp/aws tf_resource_type=aws_instance tf_rpc=ApplyResourceChange timestamp=2023-03-24T11:25:03.737Z
2023-03-24T11:25:03.764Z [ERROR] vertex "aws_instance.demo-server" error: creating EC2 Instance: AuthFailure: Not authorized for images: [ami-0192acc399bc1e569]
	status code: 400, request id: 867fdf6d-641a-459b-be70-c36f4790d945
2023-03-24T18:15:32.900Z [ERROR] provider.terraform-provider-aws_v4.59.0_x5: Response contains error diagnostic: @module=sdk.proto diagnostic_detail= diagnostic_severity=ERROR tf_provider_addr=registry.terraform.io/hashicorp/aws tf_req_id=cf0c435d-b7f5-234d-3af2-51f3fbdec436 @caller=github.com/hashicorp/terraform-plugin-go@v0.14.3/tfprotov5/internal/diag/diagnostics.go:55 tf_resource_type=aws_instance tf_rpc=ApplyResourceChange tf_proto_version=5.3 diagnostic_summary="creating EC2 Instance: InvalidKeyPair.NotFound: The key pair 'rtp-03' does not exist
	status code: 400, request id: d5c6c371-6b08-4de5-9025-711497055776" timestamp=2023-03-24T18:15:32.900Z
2023-03-24T18:15:32.924Z [ERROR] vertex "aws_instance.demo-server" error: creating EC2 Instance: InvalidKeyPair.NotFound: The key pair 'rtp-03' does not exist
	status code: 400, request id: d5c6c371-6b08-4de5-9025-711497055776
2023-03-24T18:22:56.191Z [ERROR] provider.terraform-provider-aws_v4.59.0_x5: Response contains error diagnostic: diagnostic_severity=ERROR tf_provider_addr=registry.terraform.io/hashicorp/aws tf_req_id=4154f9f9-e3d7-11fa-ea86-b6e0e92a4182 tf_resource_type=aws_instance @module=sdk.proto diagnostic_detail= diagnostic_summary="creating EC2 Instance: InvalidKeyPair.NotFound: The key pair 'eksuser' does not exist
	status code: 400, request id: 4fabae01-257f-499e-91be-a9c32fbeec56" tf_proto_version=5.3 tf_rpc=ApplyResourceChange @caller=github.com/hashicorp/terraform-plugin-go@v0.14.3/tfprotov5/internal/diag/diagnostics.go:55 timestamp=2023-03-24T18:22:56.191Z
2023-03-24T18:22:56.213Z [ERROR] vertex "aws_instance.demo-server" error: creating EC2 Instance: InvalidKeyPair.NotFound: The key pair 'eksuser' does not exist
	status code: 400, request id: 4fabae01-257f-499e-91be-a9c32fbeec56
2023-03-24T18:41:49.306Z [ERROR] provider.terraform-provider-aws_v4.59.0_x5: Response contains error diagnostic: @module=sdk.proto diagnostic_severity=ERROR tf_provider_addr=registry.terraform.io/hashicorp/aws tf_req_id=94b5d6a7-dabd-59a2-1616-55f08d951efe tf_rpc=ApplyResourceChange @caller=github.com/hashicorp/terraform-plugin-go@v0.14.3/tfprotov5/internal/diag/diagnostics.go:55 diagnostic_detail= diagnostic_summary="creating EC2 Instance: InvalidKeyPair.NotFound: The key pair 'terraform1-dns-direct' does not exist
	status code: 400, request id: 13dfa344-4bc6-4b4a-894d-7e8df05545ba" tf_proto_version=5.3 tf_resource_type=aws_instance timestamp=2023-03-24T18:41:49.306Z
2023-03-24T18:41:49.331Z [ERROR] vertex "aws_instance.demo-server" error: creating EC2 Instance: InvalidKeyPair.NotFound: The key pair 'terraform1-dns-direct' does not exist
	status code: 400, request id: 13dfa344-4bc6-4b4a-894d-7e8df05545ba
